{"/Users/scls/github/scls19fr/wnb/src/wnb.js": {"data":{"path":"/Users/scls/github/scls19fr/wnb/src/wnb.js","statementMap":{"0":{"start":{"line":1,"column":13},"end":{"line":1,"column":31}},"1":{"start":{"line":2,"column":13},"end":{"line":2,"column":26}},"2":{"start":{"line":3,"column":13},"end":{"line":3,"column":40}},"3":{"start":{"line":6,"column":2},"end":{"line":11,"column":3}},"4":{"start":{"line":7,"column":16},"end":{"line":7,"column":64}},"5":{"start":{"line":8,"column":4},"end":{"line":8,"column":15}},"6":{"start":{"line":10,"column":4},"end":{"line":10,"column":19}},"7":{"start":{"line":15,"column":16},"end":{"line":15,"column":18}},"8":{"start":{"line":17,"column":2},"end":{"line":30,"column":3}},"9":{"start":{"line":17,"column":14},"end":{"line":17,"column":15}},"10":{"start":{"line":18,"column":17},"end":{"line":18,"column":29}},"11":{"start":{"line":19,"column":4},"end":{"line":29,"column":5}},"12":{"start":{"line":20,"column":6},"end":{"line":20,"column":22}},"13":{"start":{"line":21,"column":6},"end":{"line":21,"column":58}},"14":{"start":{"line":22,"column":6},"end":{"line":22,"column":27}},"15":{"start":{"line":23,"column":11},"end":{"line":29,"column":5}},"16":{"start":{"line":24,"column":6},"end":{"line":24,"column":22}},"17":{"start":{"line":25,"column":6},"end":{"line":25,"column":62}},"18":{"start":{"line":26,"column":6},"end":{"line":26,"column":27}},"19":{"start":{"line":28,"column":6},"end":{"line":28,"column":21}},"20":{"start":{"line":31,"column":2},"end":{"line":31,"column":15}},"21":{"start":{"line":35,"column":19},"end":{"line":35,"column":22}},"22":{"start":{"line":36,"column":21},"end":{"line":36,"column":24}},"23":{"start":{"line":37,"column":13},"end":{"line":37,"column":16}},"24":{"start":{"line":39,"column":2},"end":{"line":49,"column":3}},"25":{"start":{"line":39,"column":14},"end":{"line":39,"column":15}},"26":{"start":{"line":40,"column":17},"end":{"line":40,"column":29}},"27":{"start":{"line":41,"column":4},"end":{"line":45,"column":5}},"28":{"start":{"line":42,"column":6},"end":{"line":42,"column":37}},"29":{"start":{"line":43,"column":11},"end":{"line":45,"column":5}},"30":{"start":{"line":44,"column":6},"end":{"line":44,"column":84}},"31":{"start":{"line":46,"column":4},"end":{"line":46,"column":23}},"32":{"start":{"line":47,"column":19},"end":{"line":47,"column":40}},"33":{"start":{"line":48,"column":4},"end":{"line":48,"column":27}},"34":{"start":{"line":50,"column":20},"end":{"line":50,"column":45}},"35":{"start":{"line":51,"column":2},"end":{"line":51,"column":78}},"36":{"start":{"line":55,"column":18},"end":{"line":55,"column":20}},"37":{"start":{"line":56,"column":2},"end":{"line":58,"column":5}},"38":{"start":{"line":57,"column":4},"end":{"line":57,"column":42}},"39":{"start":{"line":59,"column":2},"end":{"line":59,"column":48}},"40":{"start":{"line":62,"column":0},"end":{"line":62,"column":34}},"41":{"start":{"line":63,"column":0},"end":{"line":63,"column":46}},"42":{"start":{"line":64,"column":0},"end":{"line":64,"column":36}},"43":{"start":{"line":65,"column":0},"end":{"line":65,"column":46}}},"fnMap":{"0":{"name":"load_config","decl":{"start":{"line":5,"column":9},"end":{"line":5,"column":20}},"loc":{"start":{"line":5,"column":31},"end":{"line":12,"column":1}},"line":5},"1":{"name":"build_loads_array","decl":{"start":{"line":14,"column":9},"end":{"line":14,"column":26}},"loc":{"start":{"line":14,"column":32},"end":{"line":32,"column":1}},"line":14},"2":{"name":"calculate_cg","decl":{"start":{"line":34,"column":9},"end":{"line":34,"column":21}},"loc":{"start":{"line":34,"column":34},"end":{"line":52,"column":1}},"line":34},"3":{"name":"inside_centrogram","decl":{"start":{"line":54,"column":9},"end":{"line":54,"column":26}},"loc":{"start":{"line":54,"column":42},"end":{"line":60,"column":1}},"line":54},"4":{"name":"(anonymous_4)","decl":{"start":{"line":56,"column":21},"end":{"line":56,"column":22}},"loc":{"start":{"line":56,"column":34},"end":{"line":58,"column":3}},"line":56}},"branchMap":{"0":{"loc":{"start":{"line":19,"column":4},"end":{"line":29,"column":5}},"type":"if","locations":[{"start":{"line":19,"column":4},"end":{"line":29,"column":5}},{"start":{"line":19,"column":4},"end":{"line":29,"column":5}}],"line":19},"1":{"loc":{"start":{"line":23,"column":11},"end":{"line":29,"column":5}},"type":"if","locations":[{"start":{"line":23,"column":11},"end":{"line":29,"column":5}},{"start":{"line":23,"column":11},"end":{"line":29,"column":5}}],"line":23},"2":{"loc":{"start":{"line":41,"column":4},"end":{"line":45,"column":5}},"type":"if","locations":[{"start":{"line":41,"column":4},"end":{"line":45,"column":5}},{"start":{"line":41,"column":4},"end":{"line":45,"column":5}}],"line":41},"3":{"loc":{"start":{"line":43,"column":11},"end":{"line":45,"column":5}},"type":"if","locations":[{"start":{"line":43,"column":11},"end":{"line":45,"column":5}},{"start":{"line":43,"column":11},"end":{"line":45,"column":5}}],"line":43}},"s":{"0":1,"1":1,"2":1,"3":4,"4":4,"5":4,"6":0,"7":6,"8":6,"9":6,"10":30,"11":30,"12":24,"13":24,"14":24,"15":6,"16":6,"17":6,"18":6,"19":0,"20":6,"21":5,"22":5,"23":5,"24":5,"25":5,"26":25,"27":25,"28":20,"29":5,"30":5,"31":25,"32":25,"33":25,"34":5,"35":5,"36":4,"37":4,"38":20,"39":4,"40":1,"41":1,"42":1,"43":1},"f":{"0":4,"1":6,"2":5,"3":4,"4":20},"b":{"0":[24,6],"1":[6,0],"2":[20,5],"3":[5,0]},"_coverageSchema":"1a1c01bbd47fc00a2c39e90264f33305004495a9","hash":"e62b70e19b069453b9457d18580f7317a556d65a"}}
,"/Users/scls/github/scls19fr/wnb/src/boot/i18n.js": {"data":{"path":"/Users/scls/github/scls19fr/wnb/src/boot/i18n.js","statementMap":{"0":{"start":{"line":5,"column":0},"end":{"line":5,"column":16}},"1":{"start":{"line":7,"column":13},"end":{"line":11,"column":2}},"2":{"start":{"line":15,"column":2},"end":{"line":15,"column":17}}},"fnMap":{"0":{"name":"(anonymous_0)","decl":{"start":{"line":13,"column":15},"end":{"line":13,"column":16}},"loc":{"start":{"line":13,"column":28},"end":{"line":16,"column":1}},"line":13}},"branchMap":{},"s":{"0":0,"1":0,"2":0},"f":{"0":0},"b":{}}}
,"/Users/scls/github/scls19fr/wnb/src/i18n/index.js": {"data":{"path":"/Users/scls/github/scls19fr/wnb/src/i18n/index.js","statementMap":{},"fnMap":{},"branchMap":{},"s":{},"f":{},"b":{}}}
,"/Users/scls/github/scls19fr/wnb/src/i18n/en-us/index.js": {"data":{"path":"/Users/scls/github/scls19fr/wnb/src/i18n/en-us/index.js","statementMap":{},"fnMap":{},"branchMap":{},"s":{},"f":{},"b":{}}}
,"/Users/scls/github/scls19fr/wnb/src/layouts/MyLayout.vue": {"path":"/Users/scls/github/scls19fr/wnb/src/layouts/MyLayout.vue","statementMap":{"0":{"start":{"line":98,"column":0},"end":{"line":98,"column":null}}},"fnMap":{"0":{"name":"(anonymous_1)","decl":{"start":{"line":97,"column":0},"end":{"line":97,"column":null}},"loc":{"start":{"line":97,"column":0},"end":{"line":101,"column":null}}}},"branchMap":{},"s":{"0":0},"f":{"0":0},"b":{}}
,"/Users/scls/github/scls19fr/wnb/src/router/index.js": {"data":{"path":"/Users/scls/github/scls19fr/wnb/src/router/index.js","statementMap":{"0":{"start":{"line":6,"column":0},"end":{"line":6,"column":18}},"1":{"start":{"line":14,"column":17},"end":{"line":23,"column":4}},"2":{"start":{"line":15,"column":27},"end":{"line":15,"column":41}},"3":{"start":{"line":25,"column":2},"end":{"line":25,"column":15}}},"fnMap":{"0":{"name":"(anonymous_0)","decl":{"start":{"line":13,"column":15},"end":{"line":13,"column":16}},"loc":{"start":{"line":13,"column":54},"end":{"line":26,"column":1}},"line":13},"1":{"name":"(anonymous_1)","decl":{"start":{"line":15,"column":20},"end":{"line":15,"column":21}},"loc":{"start":{"line":15,"column":27},"end":{"line":15,"column":41}},"line":15}},"branchMap":{},"s":{"0":0,"1":0,"2":0,"3":0},"f":{"0":0,"1":0},"b":{}}}
,"/Users/scls/github/scls19fr/wnb/src/router/routes.js": {"data":{"path":"/Users/scls/github/scls19fr/wnb/src/router/routes.js","statementMap":{"0":{"start":{"line":2,"column":15},"end":{"line":10,"column":1}},"1":{"start":{"line":5,"column":21},"end":{"line":5,"column":51}},"2":{"start":{"line":7,"column":35},"end":{"line":7,"column":60}},"3":{"start":{"line":13,"column":0},"end":{"line":18,"column":1}},"4":{"start":{"line":14,"column":2},"end":{"line":17,"column":4}},"5":{"start":{"line":16,"column":21},"end":{"line":16,"column":49}}},"fnMap":{"0":{"name":"(anonymous_0)","decl":{"start":{"line":5,"column":15},"end":{"line":5,"column":16}},"loc":{"start":{"line":5,"column":21},"end":{"line":5,"column":51}},"line":5},"1":{"name":"(anonymous_1)","decl":{"start":{"line":7,"column":29},"end":{"line":7,"column":30}},"loc":{"start":{"line":7,"column":35},"end":{"line":7,"column":60}},"line":7},"2":{"name":"(anonymous_2)","decl":{"start":{"line":16,"column":15},"end":{"line":16,"column":16}},"loc":{"start":{"line":16,"column":21},"end":{"line":16,"column":49}},"line":16}},"branchMap":{"0":{"loc":{"start":{"line":13,"column":0},"end":{"line":18,"column":1}},"type":"if","locations":[{"start":{"line":13,"column":0},"end":{"line":18,"column":1}},{"start":{"line":13,"column":0},"end":{"line":18,"column":1}}],"line":13}},"s":{"0":0,"1":0,"2":0,"3":0,"4":0,"5":0},"f":{"0":0,"1":0,"2":0},"b":{"0":[0,0]}}}
}
