TN:
SF:../../../src/wnb.js
FN:5,load_config
FN:14,build_loads_array
FN:34,calculate_cg
FN:54,inside_centrogram
FN:56,(anonymous_4)
FNF:5
FNH:5
FNDA:4,load_config
FNDA:6,build_loads_array
FNDA:5,calculate_cg
FNDA:4,inside_centrogram
FNDA:20,(anonymous_4)
DA:1,1
DA:2,1
DA:3,1
DA:6,4
DA:7,4
DA:8,4
DA:10,0
DA:15,6
DA:17,6
DA:18,30
DA:19,30
DA:20,24
DA:21,24
DA:22,24
DA:23,6
DA:24,6
DA:25,6
DA:26,6
DA:28,0
DA:31,6
DA:35,5
DA:36,5
DA:37,5
DA:39,5
DA:40,25
DA:41,25
DA:42,20
DA:43,5
DA:44,5
DA:46,25
DA:47,25
DA:48,25
DA:50,5
DA:51,5
DA:55,4
DA:56,4
DA:57,20
DA:59,4
DA:62,1
DA:63,1
DA:64,1
DA:65,1
LF:42
LH:40
BRDA:19,0,0,24
BRDA:19,0,1,6
BRDA:23,1,0,6
BRDA:23,1,1,0
BRDA:41,2,0,20
BRDA:41,2,1,5
BRDA:43,3,0,5
BRDA:43,3,1,0
BRF:8
BRH:6
end_of_record
TN:
SF:../../../src/boot/i18n.js
FN:13,(anonymous_0)
FNF:1
FNH:0
FNDA:0,(anonymous_0)
DA:5,0
DA:7,0
DA:15,0
LF:3
LH:0
BRF:0
BRH:0
end_of_record
TN:
SF:../../../src/i18n/index.js
FNF:0
FNH:0
LF:0
LH:0
BRF:0
BRH:0
end_of_record
TN:
SF:../../../src/i18n/en-us/index.js
FNF:0
FNH:0
LF:0
LH:0
BRF:0
BRH:0
end_of_record
TN:
SF:../../../src/layouts/MyLayout.vue
FN:97,(anonymous_1)
FNF:1
FNH:0
FNDA:0,(anonymous_1)
DA:98,0
LF:1
LH:0
BRF:0
BRH:0
end_of_record
TN:
SF:../../../src/router/index.js
FN:13,(anonymous_0)
FN:15,(anonymous_1)
FNF:2
FNH:0
FNDA:0,(anonymous_0)
FNDA:0,(anonymous_1)
DA:6,0
DA:14,0
DA:15,0
DA:25,0
LF:4
LH:0
BRF:0
BRH:0
end_of_record
TN:
SF:../../../src/router/routes.js
FN:5,(anonymous_0)
FN:7,(anonymous_1)
FN:16,(anonymous_2)
FNF:3
FNH:0
FNDA:0,(anonymous_0)
FNDA:0,(anonymous_1)
FNDA:0,(anonymous_2)
DA:2,0
DA:5,0
DA:7,0
DA:13,0
DA:14,0
DA:16,0
LF:6
LH:0
BRDA:13,0,0,0
BRDA:13,0,1,0
BRF:2
BRH:0
end_of_record
